<?xml version="1.0" encoding="UTF-8"?>
<!-- Generated by org.testng.reporters.JUnitReportReporter -->
<testsuite hostname="Jais-MacBook-Pro.local" failures="0" tests="1" name="tests.LoginTest" time="3.854" errors="0" timestamp="2025-10-10T11:56:31 CEST" skipped="0">
  <testcase classname="tests.LoginTest" name="validateMyPersonalInformation" time="3.854"/>
</testsuite> <!-- tests.LoginTest -->
