<?xml version="1.0" encoding="UTF-8"?>
<!-- Generated by org.testng.reporters.JUnitReportReporter -->
<testsuite hostname="Jais-MacBook-Pro.local" failures="0" tests="3" name="tests.PokemonTest" time="0.731" errors="0" timestamp="2025-10-08T16:17:06 CEST" skipped="0">
  <testcase classname="tests.PokemonTest" name="testPokemonApiReturnsUrls" time="0.649"/>
  <testcase classname="tests.PokemonTest" name="testPokemonApiReturnsUrls" time="0.040"/>
  <testcase classname="tests.PokemonTest" name="testPokemonApiReturnsUrls" time="0.042"/>
</testsuite> <!-- tests.PokemonTest -->
