<?xml version="1.0" encoding="UTF-8"?>
<!-- Generated by org.testng.reporters.JUnitReportReporter -->
<testsuite hostname="Jais-MacBook-Pro.local" failures="0" tests="1" name="tests.TestcontainersSeleniumTest" time="26.309" errors="0" timestamp="2025-10-08T16:17:06 CEST" skipped="0">
  <testcase classname="tests.TestcontainersSeleniumTest" name="testWithTestcontainers" time="26.309"/>
</testsuite> <!-- tests.TestcontainersSeleniumTest -->
