<?xml version="1.0" encoding="UTF-8"?>
<!-- Generated by org.testng.reporters.JUnitReportReporter -->
<testsuite hostname="Jais-MacBook-Pro.local" failures="0" tests="3" name="tests.PokemonTest" time="1.684" errors="0" timestamp="2025-10-10T11:56:31 CEST" skipped="0">
  <testcase classname="tests.PokemonTest" name="testPokemonApiReturnsUrls" time="0.058"/>
  <testcase classname="tests.PokemonTest" name="testPokemonApiReturnsUrls" time="0.043"/>
  <testcase classname="tests.PokemonTest" name="testPokemonApiReturnsUrls" time="1.583"/>
</testsuite> <!-- tests.PokemonTest -->
